cmake_path: 'cmake'
script_dir_path: '/I/Dev/Qt/6.5.0/android_arm64_v8a/bin'
-- The CXX compiler identification is Clang 14.0.6
-- Detecting CXX compiler ABI info
-- Detecting CXX compiler ABI info - done
-- Check for working CXX compiler: D:/Content/android-sdk/ndk/25.1.8937393/toolchains/llvm/prebuilt/windows-x86_64/bin/clang++.exe - skipped
-- Detecting CXX compile features
-- Detecting CXX compile features - done
-- Looking for C++ include pthread.h
-- Looking for C++ include pthread.h - found
-- Performing Test CMAKE_HAVE_LIBC_PTHREAD
-- Performing Test CMAKE_HAVE_LIBC_PTHREAD - Failed
-- Check if compiler accepts -pthread
-- Check if compiler accepts -pthread - yes
-- Found Threads: TRUE  
-- Performing Test HAVE_STDATOMIC
-- Performing Test HAVE_STDATOMIC - Success
-- Found WrapAtomic: TRUE  
-- Performing Test HAVE_EGL
-- Performing Test HAVE_EGL - Success
-- Found EGL: D:/Content/android-sdk/ndk/25.1.8937393/toolchains/llvm/prebuilt/windows-x86_64/sysroot/usr/include (found version "1.5") 
-- Performing Test HAVE_GLESv2
-- Performing Test HAVE_GLESv2 - Success
-- Found GLESv2: D:/Content/android-sdk/ndk/25.1.8937393/toolchains/llvm/prebuilt/windows-x86_64/sysroot/usr/include  
-- Found WrapVulkanHeaders: D:/Content/android-sdk/ndk/25.1.8937393/toolchains/llvm/prebuilt/windows-x86_64/sysroot/usr/include  
-- The C compiler identification is Clang 14.0.6
-- Detecting C compiler ABI info
-- Detecting C compiler ABI info - done
-- Check for working C compiler: D:/Content/android-sdk/ndk/25.1.8937393/toolchains/llvm/prebuilt/windows-x86_64/bin/clang.exe - skipped
-- Detecting C compile features
-- Detecting C compile features - done
-- PROJECT_SOURCE_DIR="I:/Dev/Projects/vocabulary/QtGUI"
-- PROJECT_VERSION_MAJOR="6"
-- Configuring 'QtGUIApp' for the following Android ABIs: arm64-v8a (default)
-- Found android platform plugin at: I:/Dev/Qt/6.5.0/android_arm64_v8a/./plugins/platforms/libplugins_platforms_qtforandroid_arm64-v8a.so
-- Configuring done
-- Generating done
-- Build files have been written to: I:/Dev/Projects/vocabulary/QtGUI/Build-cmake-android
